00:00.495	ID:2	Rime started with address 2.0
00:00.504	ID:2	MAC 02:00:00:00:00:00:00:00 Contiki-bc2e445 started. Node id is set to 2.
00:00.513	ID:2	nullsec CSMA ContikiMAC, channel check rate 8 Hz, radio channel 26
00:00.515	ID:2	Starting 'Child's bracelet'
00:00.516	ID:2	Pairing mode starts
00:00.641	ID:1	Rime started with address 1.0
00:00.650	ID:1	MAC 01:00:00:00:00:00:00:00 Contiki-bc2e445 started. Node id is set to 1.
00:00.659	ID:1	nullsec CSMA ContikiMAC, channel check rate 8 Hz, radio channel 26
00:00.661	ID:1	Starting 'Parent's bracelet'
00:00.662	ID:1	Pairing mode starts
00:05.520	ID:2	Searching for parent's bracelet... (broadcast messages sent: 1, key: CX111309062022ITABRA)
00:05.666	ID:1	Searching for parent's bracelet... (broadcast messages sent: 1, key: CX111309062022ITABRA)
00:10.520	ID:2	Searching for parent's bracelet... (broadcast messages sent: 2, key: CX111309062022ITABRA)
00:10.666	ID:1	Searching for parent's bracelet... (broadcast messages sent: 2, key: CX111309062022ITABRA)
00:15.520	ID:2	Searching for parent's bracelet... (broadcast messages sent: 3, key: CX111309062022ITABRA)
00:15.659	ID:1	Broadcast message received from 2.0: CX111309062022ITABRA
00:15.660	ID:1	Child's bracelet found
00:15.663	ID:1	Operation mode starts
00:15.760	ID:1	Message sent to 2.0
00:15.762	ID:2	Unicast message received from 1.0: FOUND
00:15.765	ID:2	Found by the parent's bracelet
00:15.766	ID:2	Operation mode starts
00:20.533	ID:2	Message sent to 1.0
00:20.534	ID:1	INFO:FALLING,X:6734,Y:-24247
00:20.536	ID:1	FALL,X:6734,Y:-24247
00:30.533	ID:2	Message sent to 1.0
00:30.534	ID:1	INFO:RUNNING,X:2309,Y:-13188
00:40.533	ID:2	Message sent to 1.0
00:40.534	ID:1	INFO:WALKING,X:13416,Y:-13429
00:50.533	ID:2	Message sent to 1.0
00:50.534	ID:1	INFO:STANDING,X:-27289,Y:9510
01:00.533	ID:2	Message sent to 1.0
01:00.534	ID:1	INFO:STANDING,X:28082,Y:21437
01:10.533	ID:2	Message sent to 1.0
01:10.534	ID:1	INFO:STANDING,X:-19714,Y:28345
01:20.533	ID:2	Message sent to 1.0
01:20.534	ID:1	INFO:WALKING,X:266,Y:157338345
01:30.533	ID:2	Message sent to 1.0
01:30.534	ID:1	INFO:WALKING,X:-22953,Y:917445
01:40.533	ID:2	Message sent to 1.0
01:40.534	ID:1	INFO:RUNNING,X:20723,Y:-226865
01:50.533	ID:2	Message sent to 1.0
01:50.534	ID:1	INFO:RUNNING,X:14556,Y:2383865
02:00.533	ID:2	Message sent to 1.0
02:00.534	ID:1	INFO:WALKING,X:1736,Y:-5269865
02:10.533	ID:2	Message sent to 1.0
02:10.534	ID:1	INFO:STANDING,X:-11449,Y:11910
02:21.622	ID:2	Message sent to 1.0
02:31.622	ID:2	Message sent to 1.0
02:41.622	ID:2	Message sent to 1.0
02:51.616	ID:2	Message sent to 1.0
03:01.616	ID:2	Message sent to 1.0
03:10.529	ID:1	MISSING,X:-11449,Y:11910
03:11.622	ID:2	Message sent to 1.0
03:21.622	ID:2	Message sent to 1.0
03:31.622	ID:2	Message sent to 1.0
03:41.610	ID:2	Message sent to 1.0
03:51.610	ID:2	Message sent to 1.0
04:01.610	ID:2	Message sent to 1.0
04:10.529	ID:1	MISSING,X:-11449,Y:11910
04:11.622	ID:2	Message sent to 1.0
04:20.533	ID:2	Message sent to 1.0
04:20.534	ID:1	INFO:WALKING,X:-29608,Y:-12997
04:30.533	ID:2	Message sent to 1.0
04:30.534	ID:1	INFO:STANDING,X:535,Y:-2698697
